17:16:29 **** Incremental Build of configuration Debug for project Lab6-PWM ****
make all 
Building file: ../Sources/main.c
Invoking: Cross ARM C Compiler
arm-none-eabi-gcc -mcpu=cortex-m4 -mthumb -O0 -fmessage-length=0 -fsigned-char -ffunction-sections -fdata-sections  -g3 -I"C:/Users/Sienna/Documents/Stuff for Uni/CC2511/otherStudy/ExamStudy/Lab6-PWM/Static_Code/PDD" -I"C:/Users/Sienna/Documents/Stuff for Uni/CC2511/otherStudy/ExamStudy/Lab6-PWM/Static_Code/IO_Map" -I"C:/Users/Sienna/Documents/Stuff for Uni/CC2511/otherStudy/ExamStudy/Lab6-PWM/Sources" -I"C:/Users/Sienna/Documents/Stuff for Uni/CC2511/otherStudy/ExamStudy/Lab6-PWM/Generated_Code" -std=c99 -MMD -MP -MF"Sources/main.d" -MT"Sources/main.o" -c -o "Sources/main.o" "../Sources/main.c"
Finished building: ../Sources/main.c
 
Building file: ../Generated_Code/AS1.c
Invoking: Cross ARM C Compiler
arm-none-eabi-gcc -mcpu=cortex-m4 -mthumb -O0 -fmessage-length=0 -fsigned-char -ffunction-sections -fdata-sections  -g3 -I"C:/Users/Sienna/Documents/Stuff for Uni/CC2511/otherStudy/ExamStudy/Lab6-PWM/Static_Code/PDD" -I"C:/Users/Sienna/Documents/Stuff for Uni/CC2511/otherStudy/ExamStudy/Lab6-PWM/Static_Code/IO_Map" -I"C:/Users/Sienna/Documents/Stuff for Uni/CC2511/otherStudy/ExamStudy/Lab6-PWM/Sources" -I"C:/Users/Sienna/Documents/Stuff for Uni/CC2511/otherStudy/ExamStudy/Lab6-PWM/Generated_Code" -std=c99 -MMD -MP -MF"Generated_Code/AS1.d" -MT"Generated_Code/AS1.o" -c -o "Generated_Code/AS1.o" "../Generated_Code/AS1.c"
Finished building: ../Generated_Code/AS1.c
 
Building file: ../Generated_Code/Blue.c
Invoking: Cross ARM C Compiler
arm-none-eabi-gcc -mcpu=cortex-m4 -mthumb -O0 -fmessage-length=0 -fsigned-char -ffunction-sections -fdata-sections  -g3 -I"C:/Users/Sienna/Documents/Stuff for Uni/CC2511/otherStudy/ExamStudy/Lab6-PWM/Static_Code/PDD" -I"C:/Users/Sienna/Documents/Stuff for Uni/CC2511/otherStudy/ExamStudy/Lab6-PWM/Static_Code/IO_Map" -I"C:/Users/Sienna/Documents/Stuff for Uni/CC2511/otherStudy/ExamStudy/Lab6-PWM/Sources" -I"C:/Users/Sienna/Documents/Stuff for Uni/CC2511/otherStudy/ExamStudy/Lab6-PWM/Generated_Code" -std=c99 -MMD -MP -MF"Generated_Code/Blue.d" -MT"Generated_Code/Blue.o" -c -o "Generated_Code/Blue.o" "../Generated_Code/Blue.c"
Finished building: ../Generated_Code/Blue.c
 
Building file: ../Generated_Code/Cpu.c
Invoking: Cross ARM C Compiler
arm-none-eabi-gcc -mcpu=cortex-m4 -mthumb -O0 -fmessage-length=0 -fsigned-char -ffunction-sections -fdata-sections  -g3 -I"C:/Users/Sienna/Documents/Stuff for Uni/CC2511/otherStudy/ExamStudy/Lab6-PWM/Static_Code/PDD" -I"C:/Users/Sienna/Documents/Stuff for Uni/CC2511/otherStudy/ExamStudy/Lab6-PWM/Static_Code/IO_Map" -I"C:/Users/Sienna/Documents/Stuff for Uni/CC2511/otherStudy/ExamStudy/Lab6-PWM/Sources" -I"C:/Users/Sienna/Documents/Stuff for Uni/CC2511/otherStudy/ExamStudy/Lab6-PWM/Generated_Code" -std=c99 -MMD -MP -MF"Generated_Code/Cpu.d" -MT"Generated_Code/Cpu.o" -c -o "Generated_Code/Cpu.o" "../Generated_Code/Cpu.c"
Finished building: ../Generated_Code/Cpu.c
 
Building file: ../Generated_Code/Green.c
Invoking: Cross ARM C Compiler
arm-none-eabi-gcc -mcpu=cortex-m4 -mthumb -O0 -fmessage-length=0 -fsigned-char -ffunction-sections -fdata-sections  -g3 -I"C:/Users/Sienna/Documents/Stuff for Uni/CC2511/otherStudy/ExamStudy/Lab6-PWM/Static_Code/PDD" -I"C:/Users/Sienna/Documents/Stuff for Uni/CC2511/otherStudy/ExamStudy/Lab6-PWM/Static_Code/IO_Map" -I"C:/Users/Sienna/Documents/Stuff for Uni/CC2511/otherStudy/ExamStudy/Lab6-PWM/Sources" -I"C:/Users/Sienna/Documents/Stuff for Uni/CC2511/otherStudy/ExamStudy/Lab6-PWM/Generated_Code" -std=c99 -MMD -MP -MF"Generated_Code/Green.d" -MT"Generated_Code/Green.o" -c -o "Generated_Code/Green.o" "../Generated_Code/Green.c"
Finished building: ../Generated_Code/Green.c
 
Building file: ../Generated_Code/PE_LDD.c
Invoking: Cross ARM C Compiler
arm-none-eabi-gcc -mcpu=cortex-m4 -mthumb -O0 -fmessage-length=0 -fsigned-char -ffunction-sections -fdata-sections  -g3 -I"C:/Users/Sienna/Documents/Stuff for Uni/CC2511/otherStudy/ExamStudy/Lab6-PWM/Static_Code/PDD" -I"C:/Users/Sienna/Documents/Stuff for Uni/CC2511/otherStudy/ExamStudy/Lab6-PWM/Static_Code/IO_Map" -I"C:/Users/Sienna/Documents/Stuff for Uni/CC2511/otherStudy/ExamStudy/Lab6-PWM/Sources" -I"C:/Users/Sienna/Documents/Stuff for Uni/CC2511/otherStudy/ExamStudy/Lab6-PWM/Generated_Code" -std=c99 -MMD -MP -MF"Generated_Code/PE_LDD.d" -MT"Generated_Code/PE_LDD.o" -c -o "Generated_Code/PE_LDD.o" "../Generated_Code/PE_LDD.c"
Finished building: ../Generated_Code/PE_LDD.c
 
Building file: ../Generated_Code/PwmLdd1.c
Invoking: Cross ARM C Compiler
arm-none-eabi-gcc -mcpu=cortex-m4 -mthumb -O0 -fmessage-length=0 -fsigned-char -ffunction-sections -fdata-sections  -g3 -I"C:/Users/Sienna/Documents/Stuff for Uni/CC2511/otherStudy/ExamStudy/Lab6-PWM/Static_Code/PDD" -I"C:/Users/Sienna/Documents/Stuff for Uni/CC2511/otherStudy/ExamStudy/Lab6-PWM/Static_Code/IO_Map" -I"C:/Users/Sienna/Documents/Stuff for Uni/CC2511/otherStudy/ExamStudy/Lab6-PWM/Sources" -I"C:/Users/Sienna/Documents/Stuff for Uni/CC2511/otherStudy/ExamStudy/Lab6-PWM/Generated_Code" -std=c99 -MMD -MP -MF"Generated_Code/PwmLdd1.d" -MT"Generated_Code/PwmLdd1.o" -c -o "Generated_Code/PwmLdd1.o" "../Generated_Code/PwmLdd1.c"
Finished building: ../Generated_Code/PwmLdd1.c
 
Building file: ../Generated_Code/PwmLdd2.c
Invoking: Cross ARM C Compiler
arm-none-eabi-gcc -mcpu=cortex-m4 -mthumb -O0 -fmessage-length=0 -fsigned-char -ffunction-sections -fdata-sections  -g3 -I"C:/Users/Sienna/Documents/Stuff for Uni/CC2511/otherStudy/ExamStudy/Lab6-PWM/Static_Code/PDD" -I"C:/Users/Sienna/Documents/Stuff for Uni/CC2511/otherStudy/ExamStudy/Lab6-PWM/Static_Code/IO_Map" -I"C:/Users/Sienna/Documents/Stuff for Uni/CC2511/otherStudy/ExamStudy/Lab6-PWM/Sources" -I"C:/Users/Sienna/Documents/Stuff for Uni/CC2511/otherStudy/ExamStudy/Lab6-PWM/Generated_Code" -std=c99 -MMD -MP -MF"Generated_Code/PwmLdd2.d" -MT"Generated_Code/PwmLdd2.o" -c -o "Generated_Code/PwmLdd2.o" "../Generated_Code/PwmLdd2.c"
Finished building: ../Generated_Code/PwmLdd2.c
 
Building file: ../Generated_Code/PwmLdd3.c
Invoking: Cross ARM C Compiler
arm-none-eabi-gcc -mcpu=cortex-m4 -mthumb -O0 -fmessage-length=0 -fsigned-char -ffunction-sections -fdata-sections  -g3 -I"C:/Users/Sienna/Documents/Stuff for Uni/CC2511/otherStudy/ExamStudy/Lab6-PWM/Static_Code/PDD" -I"C:/Users/Sienna/Documents/Stuff for Uni/CC2511/otherStudy/ExamStudy/Lab6-PWM/Static_Code/IO_Map" -I"C:/Users/Sienna/Documents/Stuff for Uni/CC2511/otherStudy/ExamStudy/Lab6-PWM/Sources" -I"C:/Users/Sienna/Documents/Stuff for Uni/CC2511/otherStudy/ExamStudy/Lab6-PWM/Generated_Code" -std=c99 -MMD -MP -MF"Generated_Code/PwmLdd3.d" -MT"Generated_Code/PwmLdd3.o" -c -o "Generated_Code/PwmLdd3.o" "../Generated_Code/PwmLdd3.c"
Finished building: ../Generated_Code/PwmLdd3.c
 
Building file: ../Generated_Code/Red.c
Invoking: Cross ARM C Compiler
arm-none-eabi-gcc -mcpu=cortex-m4 -mthumb -O0 -fmessage-length=0 -fsigned-char -ffunction-sections -fdata-sections  -g3 -I"C:/Users/Sienna/Documents/Stuff for Uni/CC2511/otherStudy/ExamStudy/Lab6-PWM/Static_Code/PDD" -I"C:/Users/Sienna/Documents/Stuff for Uni/CC2511/otherStudy/ExamStudy/Lab6-PWM/Static_Code/IO_Map" -I"C:/Users/Sienna/Documents/Stuff for Uni/CC2511/otherStudy/ExamStudy/Lab6-PWM/Sources" -I"C:/Users/Sienna/Documents/Stuff for Uni/CC2511/otherStudy/ExamStudy/Lab6-PWM/Generated_Code" -std=c99 -MMD -MP -MF"Generated_Code/Red.d" -MT"Generated_Code/Red.o" -c -o "Generated_Code/Red.o" "../Generated_Code/Red.c"
Finished building: ../Generated_Code/Red.c
 
Building file: ../Generated_Code/Vectors.c
Invoking: Cross ARM C Compiler
arm-none-eabi-gcc -mcpu=cortex-m4 -mthumb -O0 -fmessage-length=0 -fsigned-char -ffunction-sections -fdata-sections  -g3 -I"C:/Users/Sienna/Documents/Stuff for Uni/CC2511/otherStudy/ExamStudy/Lab6-PWM/Static_Code/PDD" -I"C:/Users/Sienna/Documents/Stuff for Uni/CC2511/otherStudy/ExamStudy/Lab6-PWM/Static_Code/IO_Map" -I"C:/Users/Sienna/Documents/Stuff for Uni/CC2511/otherStudy/ExamStudy/Lab6-PWM/Sources" -I"C:/Users/Sienna/Documents/Stuff for Uni/CC2511/otherStudy/ExamStudy/Lab6-PWM/Generated_Code" -std=c99 -MMD -MP -MF"Generated_Code/Vectors.d" -MT"Generated_Code/Vectors.o" -c -o "Generated_Code/Vectors.o" "../Generated_Code/Vectors.c"
Finished building: ../Generated_Code/Vectors.c
 
Building target: Lab6-PWM.elf
Invoking: Cross ARM C++ Linker
arm-none-eabi-g++ -mcpu=cortex-m4 -mthumb -O0 -fmessage-length=0 -fsigned-char -ffunction-sections -fdata-sections  -g3 -T "C:/Users/Sienna/Documents/Stuff for Uni/CC2511/otherStudy/ExamStudy/Lab6-PWM/Project_Settings/Linker_Files/ProcessorExpert.ld" -Xlinker --gc-sections -L"C:/Users/Sienna/Documents/Stuff for Uni/CC2511/otherStudy/ExamStudy/Lab6-PWM/Project_Settings/Linker_Files" -Wl,-Map,"Lab6-PWM.map" -specs=nano.specs -specs=nosys.specs -o "Lab6-PWM.elf"  ./Sources/Events.o ./Sources/main.o  ./Project_Settings/Startup_Code/startup.o  ./Generated_Code/AS1.o ./Generated_Code/ASerialLdd1.o ./Generated_Code/Blue.o ./Generated_Code/Cpu.o ./Generated_Code/Green.o ./Generated_Code/PE_LDD.o ./Generated_Code/PwmLdd1.o ./Generated_Code/PwmLdd2.o ./Generated_Code/PwmLdd3.o ./Generated_Code/Red.o ./Generated_Code/TU1.o ./Generated_Code/Vectors.o   
Finished building target: Lab6-PWM.elf
 

17:16:33 Build Finished (took 3s.813ms)

