09:16:27 **** Incremental Build of configuration Debug for project PracticeExam2014 ****
make all 
Building file: ../Sources/Events.c
Invoking: Cross ARM C Compiler
arm-none-eabi-gcc -mcpu=cortex-m4 -mthumb -O0 -fmessage-length=0 -fsigned-char -ffunction-sections -fdata-sections  -g3 -I"C:/Users/Sienna/Documents/Stuff for Uni/CC2511/otherStudy/ExamStudy/PracticeExam2014/Static_Code/PDD" -I"C:/Users/Sienna/Documents/Stuff for Uni/CC2511/otherStudy/ExamStudy/PracticeExam2014/Static_Code/IO_Map" -I"C:/Users/Sienna/Documents/Stuff for Uni/CC2511/otherStudy/ExamStudy/PracticeExam2014/Sources" -I"C:/Users/Sienna/Documents/Stuff for Uni/CC2511/otherStudy/ExamStudy/PracticeExam2014/Generated_Code" -std=c99 -MMD -MP -MF"Sources/Events.d" -MT"Sources/Events.o" -c -o "Sources/Events.o" "../Sources/Events.c"
Finished building: ../Sources/Events.c
 
Building file: ../Sources/main.c
Invoking: Cross ARM C Compiler
arm-none-eabi-gcc -mcpu=cortex-m4 -mthumb -O0 -fmessage-length=0 -fsigned-char -ffunction-sections -fdata-sections  -g3 -I"C:/Users/Sienna/Documents/Stuff for Uni/CC2511/otherStudy/ExamStudy/PracticeExam2014/Static_Code/PDD" -I"C:/Users/Sienna/Documents/Stuff for Uni/CC2511/otherStudy/ExamStudy/PracticeExam2014/Static_Code/IO_Map" -I"C:/Users/Sienna/Documents/Stuff for Uni/CC2511/otherStudy/ExamStudy/PracticeExam2014/Sources" -I"C:/Users/Sienna/Documents/Stuff for Uni/CC2511/otherStudy/ExamStudy/PracticeExam2014/Generated_Code" -std=c99 -MMD -MP -MF"Sources/main.d" -MT"Sources/main.o" -c -o "Sources/main.o" "../Sources/main.c"
Finished building: ../Sources/main.c
 
Building file: ../Generated_Code/AD1.c
Invoking: Cross ARM C Compiler
arm-none-eabi-gcc -mcpu=cortex-m4 -mthumb -O0 -fmessage-length=0 -fsigned-char -ffunction-sections -fdata-sections  -g3 -I"C:/Users/Sienna/Documents/Stuff for Uni/CC2511/otherStudy/ExamStudy/PracticeExam2014/Static_Code/PDD" -I"C:/Users/Sienna/Documents/Stuff for Uni/CC2511/otherStudy/ExamStudy/PracticeExam2014/Static_Code/IO_Map" -I"C:/Users/Sienna/Documents/Stuff for Uni/CC2511/otherStudy/ExamStudy/PracticeExam2014/Sources" -I"C:/Users/Sienna/Documents/Stuff for Uni/CC2511/otherStudy/ExamStudy/PracticeExam2014/Generated_Code" -std=c99 -MMD -MP -MF"Generated_Code/AD1.d" -MT"Generated_Code/AD1.o" -c -o "Generated_Code/AD1.o" "../Generated_Code/AD1.c"
Finished building: ../Generated_Code/AD1.c
 
Building file: ../Generated_Code/AdcLdd1.c
Invoking: Cross ARM C Compiler
arm-none-eabi-gcc -mcpu=cortex-m4 -mthumb -O0 -fmessage-length=0 -fsigned-char -ffunction-sections -fdata-sections  -g3 -I"C:/Users/Sienna/Documents/Stuff for Uni/CC2511/otherStudy/ExamStudy/PracticeExam2014/Static_Code/PDD" -I"C:/Users/Sienna/Documents/Stuff for Uni/CC2511/otherStudy/ExamStudy/PracticeExam2014/Static_Code/IO_Map" -I"C:/Users/Sienna/Documents/Stuff for Uni/CC2511/otherStudy/ExamStudy/PracticeExam2014/Sources" -I"C:/Users/Sienna/Documents/Stuff for Uni/CC2511/otherStudy/ExamStudy/PracticeExam2014/Generated_Code" -std=c99 -MMD -MP -MF"Generated_Code/AdcLdd1.d" -MT"Generated_Code/AdcLdd1.o" -c -o "Generated_Code/AdcLdd1.o" "../Generated_Code/AdcLdd1.c"
Finished building: ../Generated_Code/AdcLdd1.c
 
Building file: ../Generated_Code/Cpu.c
Invoking: Cross ARM C Compiler
arm-none-eabi-gcc -mcpu=cortex-m4 -mthumb -O0 -fmessage-length=0 -fsigned-char -ffunction-sections -fdata-sections  -g3 -I"C:/Users/Sienna/Documents/Stuff for Uni/CC2511/otherStudy/ExamStudy/PracticeExam2014/Static_Code/PDD" -I"C:/Users/Sienna/Documents/Stuff for Uni/CC2511/otherStudy/ExamStudy/PracticeExam2014/Static_Code/IO_Map" -I"C:/Users/Sienna/Documents/Stuff for Uni/CC2511/otherStudy/ExamStudy/PracticeExam2014/Sources" -I"C:/Users/Sienna/Documents/Stuff for Uni/CC2511/otherStudy/ExamStudy/PracticeExam2014/Generated_Code" -std=c99 -MMD -MP -MF"Generated_Code/Cpu.d" -MT"Generated_Code/Cpu.o" -c -o "Generated_Code/Cpu.o" "../Generated_Code/Cpu.c"
Finished building: ../Generated_Code/Cpu.c
 
Building file: ../Generated_Code/Inhr1.c
Invoking: Cross ARM C Compiler
arm-none-eabi-gcc -mcpu=cortex-m4 -mthumb -O0 -fmessage-length=0 -fsigned-char -ffunction-sections -fdata-sections  -g3 -I"C:/Users/Sienna/Documents/Stuff for Uni/CC2511/otherStudy/ExamStudy/PracticeExam2014/Static_Code/PDD" -I"C:/Users/Sienna/Documents/Stuff for Uni/CC2511/otherStudy/ExamStudy/PracticeExam2014/Static_Code/IO_Map" -I"C:/Users/Sienna/Documents/Stuff for Uni/CC2511/otherStudy/ExamStudy/PracticeExam2014/Sources" -I"C:/Users/Sienna/Documents/Stuff for Uni/CC2511/otherStudy/ExamStudy/PracticeExam2014/Generated_Code" -std=c99 -MMD -MP -MF"Generated_Code/Inhr1.d" -MT"Generated_Code/Inhr1.o" -c -o "Generated_Code/Inhr1.o" "../Generated_Code/Inhr1.c"
Finished building: ../Generated_Code/Inhr1.c
 
Building file: ../Generated_Code/PE_LDD.c
Invoking: Cross ARM C Compiler
arm-none-eabi-gcc -mcpu=cortex-m4 -mthumb -O0 -fmessage-length=0 -fsigned-char -ffunction-sections -fdata-sections  -g3 -I"C:/Users/Sienna/Documents/Stuff for Uni/CC2511/otherStudy/ExamStudy/PracticeExam2014/Static_Code/PDD" -I"C:/Users/Sienna/Documents/Stuff for Uni/CC2511/otherStudy/ExamStudy/PracticeExam2014/Static_Code/IO_Map" -I"C:/Users/Sienna/Documents/Stuff for Uni/CC2511/otherStudy/ExamStudy/PracticeExam2014/Sources" -I"C:/Users/Sienna/Documents/Stuff for Uni/CC2511/otherStudy/ExamStudy/PracticeExam2014/Generated_Code" -std=c99 -MMD -MP -MF"Generated_Code/PE_LDD.d" -MT"Generated_Code/PE_LDD.o" -c -o "Generated_Code/PE_LDD.o" "../Generated_Code/PE_LDD.c"
Finished building: ../Generated_Code/PE_LDD.c
 
Building file: ../Generated_Code/Vectors.c
Invoking: Cross ARM C Compiler
arm-none-eabi-gcc -mcpu=cortex-m4 -mthumb -O0 -fmessage-length=0 -fsigned-char -ffunction-sections -fdata-sections  -g3 -I"C:/Users/Sienna/Documents/Stuff for Uni/CC2511/otherStudy/ExamStudy/PracticeExam2014/Static_Code/PDD" -I"C:/Users/Sienna/Documents/Stuff for Uni/CC2511/otherStudy/ExamStudy/PracticeExam2014/Static_Code/IO_Map" -I"C:/Users/Sienna/Documents/Stuff for Uni/CC2511/otherStudy/ExamStudy/PracticeExam2014/Sources" -I"C:/Users/Sienna/Documents/Stuff for Uni/CC2511/otherStudy/ExamStudy/PracticeExam2014/Generated_Code" -std=c99 -MMD -MP -MF"Generated_Code/Vectors.d" -MT"Generated_Code/Vectors.o" -c -o "Generated_Code/Vectors.o" "../Generated_Code/Vectors.c"
Finished building: ../Generated_Code/Vectors.c
 
Building target: PracticeExam2014.elf
Invoking: Cross ARM C++ Linker
arm-none-eabi-g++ -mcpu=cortex-m4 -mthumb -O0 -fmessage-length=0 -fsigned-char -ffunction-sections -fdata-sections  -g3 -T "C:/Users/Sienna/Documents/Stuff for Uni/CC2511/otherStudy/ExamStudy/PracticeExam2014/Project_Settings/Linker_Files/ProcessorExpert.ld" -Xlinker --gc-sections -L"C:/Users/Sienna/Documents/Stuff for Uni/CC2511/otherStudy/ExamStudy/PracticeExam2014/Project_Settings/Linker_Files" -Wl,-Map,"PracticeExam2014.map" -specs=nano.specs -specs=nosys.specs -o "PracticeExam2014.elf"  ./Sources/Events.o ./Sources/main.o  ./Project_Settings/Startup_Code/startup.o  ./Generated_Code/AD1.o ./Generated_Code/ASerialLdd1.o ./Generated_Code/AdcLdd1.o ./Generated_Code/Cpu.o ./Generated_Code/Inhr1.o ./Generated_Code/PE_LDD.o ./Generated_Code/Term1.o ./Generated_Code/Vectors.o   
./Sources/Events.o: In function `Inhr1_OnRxChar':
C:\Users\Sienna\Documents\Stuff for Uni\CC2511\otherStudy\ExamStudy\PracticeExam2014\Debug/../Sources/Events.c:86: undefined reference to `buffer'
./Sources/main.o: In function `main':
C:\Users\Sienna\Documents\Stuff for Uni\CC2511\otherStudy\ExamStudy\PracticeExam2014\Debug/../Sources/main.c:72: undefined reference to `c'
collect2.exe: error: ld returned 1 exit status
makefile:53: recipe for target 'PracticeExam2014.elf' failed
make: *** [PracticeExam2014.elf] Error 1

09:16:30 Build Finished (took 3s.10ms)

